<?xml version="1.0" encoding="UTF-8"?>
<!-- Generated by org.testng.reporters.JUnitReportReporter -->
<testsuite hostname="nycs-MBP.lan" failures="0" tests="1" name="progressive.tdd.test.bundle.BundleSaveTest" time="42.217" errors="0" timestamp="2023-02-17T02:46:19 EST" skipped="0">
  <testcase classname="progressive.tdd.test.bundle.BundleSaveTest" name="createA_AutoQuote" time="42.217"/>
  <system-out>
    <![CDATA[Validating ---> Actual : *** Select a product to quote ***. Expected : *** Select a product to quote *** <br>
[[ChromeDriver: chrome on MAC (dbe41283274de90f43ec71c4342a5525)] -> xpath: (//p[@class='text block-link is-simple bounce'])[1]] -------> has been clicked <br>
11219 <--- This value has been passed into ---> [[ChromeDriver: chrome on MAC (dbe41283274de90f43ec71c4342a5525)] -> xpath: //input[@id='zipCode_overlay_subproducts']] <br>
[[ChromeDriver: chrome on MAC (dbe41283274de90f43ec71c4342a5525)] -> xpath: //input[@id='qsButton_overlay_subproducts']] -------> has been clicked <br>
Sultana <--- This value has been passed into ---> [[ChromeDriver: chrome on MAC (dbe41283274de90f43ec71c4342a5525)] -> xpath: //input[@name='NameAndAddressEdit_embedded_questions_list_FirstName']] <br>
06-12-2008 <--- This value has been passed into ---> [[ChromeDriver: chrome on MAC (dbe41283274de90f43ec71c4342a5525)] -> xpath: //input[@id='NameAndAddressEdit_embedded_questions_list_DateOfBirth']] <br>
244 Dahill Road <--- This value has been passed into ---> [[ChromeDriver: chrome on MAC (dbe41283274de90f43ec71c4342a5525)] -> xpath: //input[@name='NameAndAddressEdit_embedded_questions_list_MailingAddress']] <br>
Brooklyn <--- This value has been passed into ---> [[ChromeDriver: chrome on MAC (dbe41283274de90f43ec71c4342a5525)] -> xpath: //input[@id='NameAndAddressEdit_embedded_questions_list_City']] <br>]]>
  </system-out>
</testsuite> <!-- progressive.tdd.test.bundle.BundleSaveTest -->
