<?xml version="1.0" encoding="UTF-8"?>
<!-- Generated by org.testng.reporters.JUnitReportReporter -->
<testsuite hostname="nycs-MBP.lan" failures="0" tests="2" name="alibaba.tdd.practice.DefaultValue" time="0.021" errors="0" timestamp="2023-01-29T00:10:18 EST" skipped="1">
  <testcase classname="alibaba.tdd.practice.DefaultValue" name="parseLongValidation" time="0.021"/>
  <system-out/>
  <testcase classname="alibaba.tdd.practice.DefaultValue" name="defaultValueTesting">
    <skipped/>
  </testcase> <!-- defaultValueTesting -->
  <system-out/>
</testsuite> <!-- alibaba.tdd.practice.DefaultValue -->
