<?xml version="1.0" encoding="UTF-8"?>
<!-- Generated by org.testng.reporters.JUnitReportReporter -->
<testsuite hostname="nycs-MBP.lan" failures="0" tests="5" name="progressive.tdd.test.property.PropertyElementTest" time="50.763" errors="0" timestamp="2023-02-17T02:48:16 EST" skipped="4">
  <testcase classname="progressive.tdd.test.property.PropertyElementTest" name="createJoinForFreeTest" time="50.763"/>
  <system-out>
    <![CDATA[Validating ---> Actual : *** Select a product to quote ***. Expected : *** Select a product to quote *** <br>
[[ChromeDriver: chrome on MAC (b8a583779a84ff755d774f728c18bb3d)] -> xpath: (//span[@class='last-word'])[2]] -------> has been clicked <br>
11219 <--- This value has been passed into ---> [[ChromeDriver: chrome on MAC (b8a583779a84ff755d774f728c18bb3d)] -> xpath: //input[@id='zipCode_overlay_subproducts']] <br>
[[ChromeDriver: chrome on MAC (b8a583779a84ff755d774f728c18bb3d)] -> xpath: (//input[@name='qsButton'])[3]] -------> has been clicked <br>
244 Dahill road, Brooklyn ,NY -11219 <--- This value has been passed into ---> [[ChromeDriver: chrome on MAC (b8a583779a84ff755d774f728c18bb3d)] -> xpath: //input[@id='singleLineAddress']] <br>
[[ChromeDriver: chrome on MAC (b8a583779a84ff755d774f728c18bb3d)] -> xpath: (//input[@id='paButtonSingleLine'])[1]] -------> has been clicked <br>
244 Dahill road <--- This value has been passed into ---> [[ChromeDriver: chrome on MAC (b8a583779a84ff755d774f728c18bb3d)] -> xpath: //input[@id='addressLine1Modal']] <br>
Brooklyn <--- This value has been passed into ---> [[ChromeDriver: chrome on MAC (b8a583779a84ff755d774f728c18bb3d)] -> xpath: //input[@id='cityModal']] <br>
[[ChromeDriver: chrome on MAC (b8a583779a84ff755d774f728c18bb3d)] -> id: paModalButton] -------> has been clicked <br>
Sabrina <--- This value has been passed into ---> [[ChromeDriver: chrome on MAC (b8a583779a84ff755d774f728c18bb3d)] -> xpath: //input[@id='PolicyData_FirstName']] <br>
Hasan <--- This value has been passed into ---> [[ChromeDriver: chrome on MAC (b8a583779a84ff755d774f728c18bb3d)] -> xpath: (//input[@name='maskedInput'])[3]] <br>
05-12-2001 <--- This value has been passed into ---> [[ChromeDriver: chrome on MAC (b8a583779a84ff755d774f728c18bb3d)] -> xpath: //input[@id='PolicyData_DateOfBirth']] <br>
[[ChromeDriver: chrome on MAC (b8a583779a84ff755d774f728c18bb3d)] -> xpath: //button[@id='next-button']] -------> has been clicked <br>]]>
  </system-out>
  <testcase classname="progressive.tdd.test.property.PropertyElementTest" name="test3">
    <skipped/>
  </testcase> <!-- test3 -->
  <system-out/>
  <testcase classname="progressive.tdd.test.property.PropertyElementTest" name="test2">
    <skipped/>
  </testcase> <!-- test2 -->
  <system-out/>
  <testcase classname="progressive.tdd.test.property.PropertyElementTest" name="test1">
    <skipped/>
  </testcase> <!-- test1 -->
  <system-out/>
  <testcase classname="progressive.tdd.test.property.PropertyElementTest" name="testRetry">
    <skipped/>
  </testcase> <!-- testRetry -->
  <system-out/>
</testsuite> <!-- progressive.tdd.test.property.PropertyElementTest -->
