<?xml version="1.0" encoding="UTF-8"?>
<!-- Generated by org.testng.reporters.JUnitReportReporter -->
<testsuite hostname="nycs-MBP.lan" failures="0" tests="4" name="progressive.tdd.practice.UnitTests" time="0.205" errors="0" timestamp="2023-02-17T00:37:03 EST" skipped="2">
  <testcase classname="progressive.tdd.practice.UnitTests" name="folderOps" time="0.016"/>
  <system-out/>
  <testcase classname="progressive.tdd.practice.UnitTests" name="timeUnitTest" time="0.189"/>
  <system-out/>
  <testcase classname="progressive.tdd.practice.UnitTests" name="system_getPropertyTest">
    <skipped/>
  </testcase> <!-- system_getPropertyTest -->
  <system-out/>
  <testcase classname="progressive.tdd.practice.UnitTests" name="unitTestAutoDataZeroLength">
    <skipped/>
  </testcase> <!-- unitTestAutoDataZeroLength -->
  <system-out/>
</testsuite> <!-- progressive.tdd.practice.UnitTests -->
