<?xml version="1.0" encoding="UTF-8"?>
<!-- Generated by org.testng.reporters.JUnitReportReporter -->
<testsuite hostname="nycs-MBP.lan" failures="0" tests="1" name="allState.tdd.practice.LinearScriptingTest" time="5.869" errors="0" timestamp="2023-02-05T03:33:28 EST" skipped="0">
  <testcase classname="allState.tdd.practice.LinearScriptingTest" name="linearScripting" time="5.869"/>
  <system-out/>
</testsuite> <!-- allState.tdd.practice.LinearScriptingTest -->
