<?xml version="1.0" encoding="UTF-8"?>
<!-- Generated by org.testng.reporters.JUnitReportReporter -->
<testsuite hostname="nycs-MBP.lan" failures="0" tests="4" name="progressive.tdd.practice.UnitTests" time="0.036" errors="0" timestamp="2023-03-21T17:53:44 EDT" skipped="2">
  <testcase classname="progressive.tdd.practice.UnitTests" name="timeUnitTest" time="0.035"/>
  <system-out/>
  <testcase classname="progressive.tdd.practice.UnitTests" name="folderOps" time="0.001"/>
  <system-out/>
  <testcase classname="progressive.tdd.practice.UnitTests" name="system_getPropertyTest">
    <skipped/>
  </testcase> <!-- system_getPropertyTest -->
  <system-out/>
  <testcase classname="progressive.tdd.practice.UnitTests" name="unitTestAutoDataZeroLength">
    <skipped/>
  </testcase> <!-- unitTestAutoDataZeroLength -->
  <system-out/>
</testsuite> <!-- progressive.tdd.practice.UnitTests -->
